2025-03-21 16:59:26 +0000  Initial pipeline context: <IDEDistributionProcessingPipelineContext: 0x14765cf60; archive(resolved)="<IDEArchive: 0x6000095b0230>", distributionTask(resolved)="2", distributionDestination(resolved)="1", distributionMethod(resolved)="<IDEDistributionMethodDevelopmentSignedMac: 0x600007fe89b0>", team(resolved)="<IDEProvisioningDisambiguatableBasicTeam: 0x600002323b00; teamID='8L3UY5N9LD', teamName='William Boyes', teamType='(null)', username='(null)', isFreeProvisioningTeam='0'>">
	Chain (13, self inclusive):
	<IDEDistributionProcessingPipelineContext: 0x14765cf60; archive = "<IDEArchive: 0x6000095b0230>", distributionMethod="<IDEDistributionMethodDevelopmentSignedMac: 0x600007fe89b0>", team="<IDEProvisioningDisambiguatableBasicTeam: 0x600002323b00; teamID='8L3UY5N9LD', teamName='William Boyes', teamType='(null)', username='(null)', isFreeProvisioningTeam='0'>">
	<IDEDistributionProcessingPipelineContext: 0x14284da30; archive = "<IDEArchive: 0x6000095b0230>", distributionMethod="<IDEDistributionMethodDevelopmentSignedMac: 0x600007fe89b0>", team="<IDEProvisioningDisambiguatableBasicTeam: 0x600002323b00; teamID='8L3UY5N9LD', teamName='William Boyes', teamType='(null)', username='(null)', isFreeProvisioningTeam='0'>">
	<IDEDistributionContext: 0x10a5d9ba0; archive = "<IDEArchive: 0x6000095b0230>", distributionMethod="<IDEDistributionMethodDevelopmentSignedMac: 0x600007fe89b0>", team="<IDEProvisioningDisambiguatableBasicTeam: 0x600002323b00; teamID='8L3UY5N9LD', teamName='William Boyes', teamType='(null)', username='(null)', isFreeProvisioningTeam='0'>">
	<IDEDistributionContext: 0x1428687d0; archive = "<IDEArchive: 0x6000095b0230>", distributionMethod="<IDEDistributionMethodDevelopmentSignedMac: 0x600007fe89b0>", team="<IDEProvisioningDisambiguatableBasicTeam: 0x600002323b00; teamID='8L3UY5N9LD', teamName='William Boyes', teamType='(null)', username='(null)', isFreeProvisioningTeam='0'>">
	<IDEDistributionContext: 0x118feb580; archive = "<IDEArchive: 0x6000095b0230>", distributionMethod="<IDEDistributionMethodDevelopmentSignedMac: 0x600007fe89b0>", team="<IDEProvisioningDisambiguatableBasicTeam: 0x600002323b00; teamID='8L3UY5N9LD', teamName='William Boyes', teamType='(null)', username='(null)', isFreeProvisioningTeam='0'>">
	<IDEDistributionContext: 0x14288b420; archive = "<IDEArchive: 0x6000095b0230>", distributionMethod="<IDEDistributionMethodDevelopmentSignedMac: 0x600007fe89b0>", team="<IDEProvisioningDisambiguatableBasicTeam: 0x600002323b00; teamID='8L3UY5N9LD', teamName='William Boyes', teamType='(null)', username='(null)', isFreeProvisioningTeam='0'>">
	<IDEDistributionContext: 0x10a66e930; archive = "<IDEArchive: 0x6000095b0230>", distributionMethod="<IDEDistributionMethodDevelopmentSignedMac: 0x600007fe89b0>", team="<IDEProvisioningDisambiguatableBasicTeam: 0x600002323b00; teamID='8L3UY5N9LD', teamName='William Boyes', teamType='(null)', username='(null)', isFreeProvisioningTeam='0'>">
	<IDEDistributionContext: 0x1089380a0; archive = "<IDEArchive: 0x6000095b0230>", distributionMethod="<IDEDistributionMethodDevelopmentSignedMac: 0x600007fe89b0>", team="<IDEProvisioningDisambiguatableBasicTeam: 0x600002323b00; teamID='8L3UY5N9LD', teamName='William Boyes', teamType='(null)', username='(null)', isFreeProvisioningTeam='0'>">
	<IDEDistributionContext: 0x1464f1a10; archive = "<IDEArchive: 0x6000095b0230>", distributionMethod="<IDEDistributionMethodDevelopmentSignedMac: 0x600007fe89b0>", team="(null)">
	<IDEDistributionContext: 0x142f0ea10; archive = "<IDEArchive: 0x6000095b0230>", distributionMethod="<IDEDistributionMethodDevelopmentSignedMac: 0x600007fe89b0>", team="(null)">
	<IDEDistributionContext: 0x133620000; archive = "<IDEArchive: 0x6000095b0230>", distributionMethod="(null)", team="(null)">
	<IDEDistributionContext: 0x10a596680; archive = "<IDEArchive: 0x6000095b0230>", distributionMethod="(null)", team="(null)">
	<IDEDistributionContext: 0x131e43790; archive = "<IDEArchive: 0x6000095b0230>", distributionMethod="(null)", team="(null)">
</IDEDistributionProcessingPipelineContext: 0x14765cf60>
2025-03-21 16:59:26 +0000  Processing step: IDEDistributionCreateDestRootStep
2025-03-21 16:59:26 +0000  Processing step: IDEDistributionCopyItemStep
2025-03-21 16:59:26 +0000  Running /usr/bin/ditto '-V' '/Users/william/Library/Developer/Xcode/Archives/2025-03-21/Morning 2025-03-21, 09.54.xcarchive/Products/Applications/Morning.app' '/var/folders/62/11xqps5j67qdtjmx7jgs63wh0000gn/T/XcodeDistPipeline.~~~Ocxj8e/Root/Applications/Morning.app'
2025-03-21 16:59:26 +0000  >>> Copying /Users/william/Library/Developer/Xcode/Archives/2025-03-21/Morning 2025-03-21, 09.54.xcarchive/Products/Applications/Morning.app 
2025-03-21 16:59:26 +0000  copying file ./Contents/_CodeSignature/CodeResources ... 
2025-03-21 16:59:26 +0000  2200 bytes for ./Contents/_CodeSignature/CodeResources
2025-03-21 16:59:26 +0000  copying file ./Contents/MacOS/Morning ... 
2025-03-21 16:59:26 +0000  162912 bytes for ./Contents/MacOS/Morning
2025-03-21 16:59:26 +0000  copying file ./Contents/Info.plist ... 
2025-03-21 16:59:26 +0000  1277 bytes for ./Contents/Info.plist
2025-03-21 16:59:26 +0000  copying file ./Contents/PkgInfo ... 
2025-03-21 16:59:26 +0000  8 bytes for ./Contents/PkgInfo
2025-03-21 16:59:26 +0000  /usr/bin/ditto exited with 0
2025-03-21 16:59:26 +0000  Processing step: IDEDistributionEmbedProfileStep
2025-03-21 16:59:26 +0000  Skipping profile for item: <IDEDistributionItem: 0x60000d925740; bundleID='com.williamb.Morning', path='<DVTFilePath:0x60000d84d560:'/Users/william/Library/Developer/Xcode/Archives/2025-03-21/Morning 2025-03-21, 09.54.xcarchive/Products/Applications/Morning.app'>', codeSigningInfo='<_DVTCodeSigningInformation_Path: 0x60000ddcdae0; isSigned='1', isAdHocSigned='0', signingCertificate='<DVTSigningCertificate: 0x60000485ef40; name='Apple Development: wdboyes@icloud.com (5SFDQ6365C)', hash='FE764AA7272E54BA6C1AE963ED6803D8C2F9245E', serialNumber='4BC2BCC5056C82A82F33742FBB1C69E9', certificateKinds='(
    "1.2.840.113635.100.6.1.12",
    "1.2.840.113635.100.6.1.2"
), issueDate='2025-02-24 19:58:54 +0000''>', entitlements='{
    "com.apple.security.app-sandbox" = 1;
    "com.apple.security.files.user-selected.read-only" = 1;
}', teamID='8L3UY5N9LD', identifier='com.williamb.Morning', executablePath='<DVTFilePath:0x60000d83bba0:'/Users/william/Library/Developer/Xcode/Archives/2025-03-21/Morning 2025-03-21, 09.54.xcarchive/Products/Applications/Morning.app/Contents/MacOS/Morning'>', hardenedRuntime='1'>'>
2025-03-21 16:59:26 +0000  Processing step: IDEDistributionInfoPlistStep
2025-03-21 16:59:26 +0000  Skipping step: IDEDistributionInfoPlistStep because it said so
2025-03-21 16:59:26 +0000  Processing step: IDEDistributionAppThinningPlistStep
2025-03-21 16:59:26 +0000  Processing step: IDEDistributionSymbolsStep
2025-03-21 16:59:26 +0000  Skipping step: IDEDistributionSymbolsStep because it said so
2025-03-21 16:59:26 +0000  Processing step: IDEDistributionAppThinningStep
2025-03-21 16:59:26 +0000  Skipping step: IDEDistributionAppThinningStep because it said so
2025-03-21 16:59:26 +0000  Processing step: IDEDistributionArchThinningStep
2025-03-21 16:59:26 +0000  Item /Users/william/Library/Developer/Xcode/Archives/2025-03-21/Morning 2025-03-21, 09.54.xcarchive/Products/Applications/Morning.app doesn't have the entitlement com.apple.developer.web-browser-engine.host enabled, returning ["arm64e"]
2025-03-21 16:59:26 +0000  Archs to thin for item /Users/william/Library/Developer/Xcode/Archives/2025-03-21/Morning 2025-03-21, 09.54.xcarchive/Products/Applications/Morning.app are ["arm64e"]
2025-03-21 16:59:26 +0000  Running /Applications/Xcode.app/Contents/Developer/Toolchains/XcodeDefault.xctoolchain/usr/bin/lipo '/var/folders/62/11xqps5j67qdtjmx7jgs63wh0000gn/T/XcodeDistPipeline.~~~Ocxj8e/Root/Applications/Morning.app/Contents/MacOS/Morning' '-verify_arch' 'arm64e'
2025-03-21 16:59:26 +0000  /Applications/Xcode.app/Contents/Developer/Toolchains/XcodeDefault.xctoolchain/usr/bin/lipo exited with 1
2025-03-21 16:59:26 +0000  Skipping architecture thinning for item "Morning" because arch "arm64e" wasn't found
2025-03-21 16:59:26 +0000  Processing step: IDEDistributionODRStep
2025-03-21 16:59:26 +0000  Processing step: IDEDistributionStripXattrsStep
2025-03-21 16:59:26 +0000  Skipping stripping extended attributes because the codesign step will strip them.
2025-03-21 16:59:26 +0000  Processing step: IDEDistributionCodesignStep
2025-03-21 16:59:26 +0000  Entitlements for <IDEDistributionItem: 0x60000d925740; bundleID='com.williamb.Morning', path='<DVTFilePath:0x60000d84d560:'/Users/william/Library/Developer/Xcode/Archives/2025-03-21/Morning 2025-03-21, 09.54.xcarchive/Products/Applications/Morning.app'>', codeSigningInfo='<_DVTCodeSigningInformation_Path: 0x60000ddcdae0; isSigned='1', isAdHocSigned='0', signingCertificate='<DVTSigningCertificate: 0x60000485ef40; name='Apple Development: wdboyes@icloud.com (5SFDQ6365C)', hash='FE764AA7272E54BA6C1AE963ED6803D8C2F9245E', serialNumber='4BC2BCC5056C82A82F33742FBB1C69E9', certificateKinds='(
    "1.2.840.113635.100.6.1.12",
    "1.2.840.113635.100.6.1.2"
), issueDate='2025-02-24 19:58:54 +0000''>', entitlements='{
    "com.apple.security.app-sandbox" = 1;
    "com.apple.security.files.user-selected.read-only" = 1;
}', teamID='8L3UY5N9LD', identifier='com.williamb.Morning', executablePath='<DVTFilePath:0x60000d83bba0:'/Users/william/Library/Developer/Xcode/Archives/2025-03-21/Morning 2025-03-21, 09.54.xcarchive/Products/Applications/Morning.app/Contents/MacOS/Morning'>', hardenedRuntime='1'>'>: {
    "com.apple.security.app-sandbox" = 1;
    "com.apple.security.files.user-selected.read-only" = 1;
}
2025-03-21 16:59:26 +0000  Associated App Clip Identifiers Filter: Skipping because "com.apple.developer.associated-appclip-app-identifiers" is not present
2025-03-21 16:59:26 +0000  Entitlements for <IDEDistributionItem: 0x60000d925740; bundleID='com.williamb.Morning', path='<DVTFilePath:0x60000d84d560:'/Users/william/Library/Developer/Xcode/Archives/2025-03-21/Morning 2025-03-21, 09.54.xcarchive/Products/Applications/Morning.app'>', codeSigningInfo='<_DVTCodeSigningInformation_Path: 0x60000ddcdae0; isSigned='1', isAdHocSigned='0', signingCertificate='<DVTSigningCertificate: 0x60000484ea00; name='Apple Development: wdboyes@icloud.com (5SFDQ6365C)', hash='FE764AA7272E54BA6C1AE963ED6803D8C2F9245E', serialNumber='4BC2BCC5056C82A82F33742FBB1C69E9', certificateKinds='(
    "1.2.840.113635.100.6.1.12",
    "1.2.840.113635.100.6.1.2"
), issueDate='2025-02-24 19:58:54 +0000''>', entitlements='{
    "com.apple.security.app-sandbox" = 1;
    "com.apple.security.files.user-selected.read-only" = 1;
}', teamID='8L3UY5N9LD', identifier='com.williamb.Morning', executablePath='<DVTFilePath:0x60000d83bba0:'/Users/william/Library/Developer/Xcode/Archives/2025-03-21/Morning 2025-03-21, 09.54.xcarchive/Products/Applications/Morning.app/Contents/MacOS/Morning'>', hardenedRuntime='1'>'> are: {
    "com.apple.security.app-sandbox" = 1;
    "com.apple.security.files.user-selected.read-only" = 1;
}
2025-03-21 16:59:26 +0000  Writing entitlements for <IDEDistributionItem: 0x60000d925740; bundleID='com.williamb.Morning', path='<DVTFilePath:0x60000d84d560:'/Users/william/Library/Developer/Xcode/Archives/2025-03-21/Morning 2025-03-21, 09.54.xcarchive/Products/Applications/Morning.app'>', codeSigningInfo='<_DVTCodeSigningInformation_Path: 0x60000ddcdae0; isSigned='1', isAdHocSigned='0', signingCertificate='<DVTSigningCertificate: 0x600004847a80; name='Apple Development: wdboyes@icloud.com (5SFDQ6365C)', hash='FE764AA7272E54BA6C1AE963ED6803D8C2F9245E', serialNumber='4BC2BCC5056C82A82F33742FBB1C69E9', certificateKinds='(
    "1.2.840.113635.100.6.1.12",
    "1.2.840.113635.100.6.1.2"
), issueDate='2025-02-24 19:58:54 +0000''>', entitlements='{
    "com.apple.security.app-sandbox" = 1;
    "com.apple.security.files.user-selected.read-only" = 1;
}', teamID='8L3UY5N9LD', identifier='com.williamb.Morning', executablePath='<DVTFilePath:0x60000d83bba0:'/Users/william/Library/Developer/Xcode/Archives/2025-03-21/Morning 2025-03-21, 09.54.xcarchive/Products/Applications/Morning.app/Contents/MacOS/Morning'>', hardenedRuntime='1'>'> to: /var/folders/62/11xqps5j67qdtjmx7jgs63wh0000gn/T/XcodeDistPipeline.~~~Ocxj8e/entitlements~~~jOcQeP
2025-03-21 16:59:26 +0000  invoking codesign: <NSConcreteTask: 0x60000dda5450; launchPath='/usr/bin/codesign', arguments='(
    "-f",
    "-s",
    FE764AA7272E54BA6C1AE963ED6803D8C2F9245E,
    "--entitlements",
    "/var/folders/62/11xqps5j67qdtjmx7jgs63wh0000gn/T/XcodeDistPipeline.~~~Ocxj8e/entitlements~~~jOcQeP",
    "--preserve-metadata=identifier,flags,runtime",
    "--generate-entitlement-der",
    "--strip-disallowed-xattrs",
    "-vvv",
    "/var/folders/62/11xqps5j67qdtjmx7jgs63wh0000gn/T/XcodeDistPipeline.~~~Ocxj8e/Root/Applications/Morning.app"
)'>
2025-03-21 16:59:26 +0000  codesign output: /var/folders/62/11xqps5j67qdtjmx7jgs63wh0000gn/T/XcodeDistPipeline.~~~Ocxj8e/Root/Applications/Morning.app: replacing existing signature
/var/folders/62/11xqps5j67qdtjmx7jgs63wh0000gn/T/XcodeDistPipeline.~~~Ocxj8e/Root/Applications/Morning.app: signed app bundle with Mach-O universal (x86_64 arm64) [com.williamb.Morning]
2025-03-21 16:59:26 +0000  Processing step: IDEDistributionZipODRItemStep
2025-03-21 16:59:26 +0000  Skipping step: IDEDistributionZipODRItemStep because it said so
2025-03-21 16:59:26 +0000  Processing step: IDEDistributionSkipPackagingStep
2025-03-21 16:59:26 +0000  Processing step: IDEDistributionAppStoreInformationStep
2025-03-21 16:59:26 +0000  Skipping step: IDEDistributionAppStoreInformationStep because it said so
2025-03-21 16:59:26 +0000  Processing step: IDEDistributionGenerateProcessedDistributionItems
2025-03-21 16:59:26 +0000  IDEDistributionItem init <DVTFilePath:0x60000d9092c0:'/var/folders/62/11xqps5j67qdtjmx7jgs63wh0000gn/T/XcodeDistPipeline.~~~Ocxj8e/Root/Applications/Morning.app'>
2025-03-21 16:59:26 +0000  [OPTIONAL] Didn't find embedded provisioning profile for <DVTFilePath:0x60000d9092c0:'/var/folders/62/11xqps5j67qdtjmx7jgs63wh0000gn/T/XcodeDistPipeline.~~~Ocxj8e/Root/Applications/Morning.app'>: Error Domain=NSCocoaErrorDomain Code=4 "No file at <DVTFilePath:0x6000095ce220:'/var/folders/62/11xqps5j67qdtjmx7jgs63wh0000gn/T/XcodeDistPipeline.~~~Ocxj8e/Root/Applications/Morning.app/Contents/embedded.provisionprofile'>" UserInfo={NSLocalizedDescription=No file at <DVTFilePath:0x6000095ce220:'/var/folders/62/11xqps5j67qdtjmx7jgs63wh0000gn/T/XcodeDistPipeline.~~~Ocxj8e/Root/Applications/Morning.app/Contents/embedded.provisionprofile'>}
2025-03-21 16:59:26 +0000  Processing step: IDEDistributionCreateManifestStep
2025-03-21 16:59:26 +0000  Skipping step: IDEDistributionCreateManifestStep because it said so
