[2025-03-24 08:34:12Z INFO HostContext] No proxy settings were found based on environmental variables (http_proxy/https_proxy/HTTP_PROXY/HTTPS_PROXY)
[2025-03-24 08:34:12Z INFO HostContext] Well known directory 'Bin': '/Users/william/Documents/coding2.nosync/Morning/actions-runner/bin'
[2025-03-24 08:34:12Z INFO HostContext] Well known directory 'Root': '/Users/william/Documents/coding2.nosync/Morning/actions-runner'
[2025-03-24 08:34:12Z INFO HostContext] Well known config file 'Credentials': '/Users/william/Documents/coding2.nosync/Morning/actions-runner/.credentials'
[2025-03-24 08:34:12Z INFO HostContext] Well known directory 'Bin': '/Users/william/Documents/coding2.nosync/Morning/actions-runner/bin'
[2025-03-24 08:34:12Z INFO HostContext] Well known directory 'Root': '/Users/william/Documents/coding2.nosync/Morning/actions-runner'
[2025-03-24 08:34:12Z INFO HostContext] Well known config file 'Runner': '/Users/william/Documents/coding2.nosync/Morning/actions-runner/.runner'
[2025-03-24 08:34:12Z INFO Listener] Runner is built for OSX (Arm64) - osx-arm64.
[2025-03-24 08:34:12Z INFO Listener] RuntimeInformation: Darwin 24.3.0 Darwin Kernel Version 24.3.0: Thu Jan  2 20:23:36 PST 2025; root:xnu-11215.81.4~3/RELEASE_ARM64_T8112.
[2025-03-24 08:34:12Z INFO Listener] Version: 2.323.0
[2025-03-24 08:34:12Z INFO Listener] Commit: d8b82f44a9ec0258904d5869ae683c31d5aac299
[2025-03-24 08:34:12Z INFO Listener] Culture: en-CA
[2025-03-24 08:34:12Z INFO Listener] UI Culture: en-CA
[2025-03-24 08:34:12Z INFO HostContext] Well known directory 'Bin': '/Users/william/Documents/coding2.nosync/Morning/actions-runner/bin'
[2025-03-24 08:34:12Z INFO HostContext] Well known directory 'Root': '/Users/william/Documents/coding2.nosync/Morning/actions-runner'
[2025-03-24 08:34:12Z INFO Listener] Validating directory permissions for: '/Users/william/Documents/coding2.nosync/Morning/actions-runner'
[2025-03-24 08:34:12Z INFO CommandLineParser] Parse
[2025-03-24 08:34:12Z INFO CommandLineParser] Parsing 5 args
[2025-03-24 08:34:12Z INFO CommandLineParser] parsing argument
[2025-03-24 08:34:12Z INFO CommandLineParser] HasArgs: False
[2025-03-24 08:34:12Z INFO CommandLineParser] Adding Command: configure
[2025-03-24 08:34:12Z INFO CommandLineParser] parsing argument
[2025-03-24 08:34:12Z INFO CommandLineParser] HasArgs: True
[2025-03-24 08:34:12Z INFO CommandLineParser] arg: url
[2025-03-24 08:34:12Z INFO CommandLineParser] parsing argument
[2025-03-24 08:34:12Z INFO CommandLineParser] HasArgs: True
[2025-03-24 08:34:12Z INFO CommandLineParser] Adding option 'url': 'https://github.com/Wdboyes13/Morning'
[2025-03-24 08:34:12Z INFO CommandLineParser] parsing argument
[2025-03-24 08:34:12Z INFO CommandLineParser] HasArgs: True
[2025-03-24 08:34:12Z INFO CommandLineParser] arg: token
[2025-03-24 08:34:12Z INFO CommandLineParser] parsing argument
[2025-03-24 08:34:12Z INFO CommandLineParser] HasArgs: True
[2025-03-24 08:34:12Z INFO CommandLineParser] Adding option 'token': '***'
[2025-03-24 08:34:12Z INFO Listener] Arguments parsed
[2025-03-24 08:34:12Z INFO Runner] ExecuteCommand
[2025-03-24 08:34:12Z INFO ConfigurationStore] currentAssemblyLocation: /Users/william/Documents/coding2.nosync/Morning/actions-runner/bin/Runner.Listener.dll
[2025-03-24 08:34:12Z INFO HostContext] Well known directory 'Bin': '/Users/william/Documents/coding2.nosync/Morning/actions-runner/bin'
[2025-03-24 08:34:12Z INFO ConfigurationStore] binPath: /Users/william/Documents/coding2.nosync/Morning/actions-runner/bin
[2025-03-24 08:34:12Z INFO HostContext] Well known directory 'Bin': '/Users/william/Documents/coding2.nosync/Morning/actions-runner/bin'
[2025-03-24 08:34:12Z INFO HostContext] Well known directory 'Root': '/Users/william/Documents/coding2.nosync/Morning/actions-runner'
[2025-03-24 08:34:12Z INFO ConfigurationStore] RootFolder: /Users/william/Documents/coding2.nosync/Morning/actions-runner
[2025-03-24 08:34:12Z INFO HostContext] Well known directory 'Bin': '/Users/william/Documents/coding2.nosync/Morning/actions-runner/bin'
[2025-03-24 08:34:12Z INFO HostContext] Well known directory 'Root': '/Users/william/Documents/coding2.nosync/Morning/actions-runner'
[2025-03-24 08:34:12Z INFO HostContext] Well known config file 'Runner': '/Users/william/Documents/coding2.nosync/Morning/actions-runner/.runner'
[2025-03-24 08:34:12Z INFO ConfigurationStore] ConfigFilePath: /Users/william/Documents/coding2.nosync/Morning/actions-runner/.runner
[2025-03-24 08:34:12Z INFO HostContext] Well known directory 'Bin': '/Users/william/Documents/coding2.nosync/Morning/actions-runner/bin'
[2025-03-24 08:34:12Z INFO HostContext] Well known directory 'Root': '/Users/william/Documents/coding2.nosync/Morning/actions-runner'
[2025-03-24 08:34:12Z INFO HostContext] Well known config file 'MigratedRunner': '/Users/william/Documents/coding2.nosync/Morning/actions-runner/.runner_migrated'
[2025-03-24 08:34:12Z INFO ConfigurationStore] MigratedConfigFilePath: /Users/william/Documents/coding2.nosync/Morning/actions-runner/.runner_migrated
[2025-03-24 08:34:12Z INFO HostContext] Well known directory 'Bin': '/Users/william/Documents/coding2.nosync/Morning/actions-runner/bin'
[2025-03-24 08:34:12Z INFO HostContext] Well known directory 'Root': '/Users/william/Documents/coding2.nosync/Morning/actions-runner'
[2025-03-24 08:34:12Z INFO HostContext] Well known config file 'Credentials': '/Users/william/Documents/coding2.nosync/Morning/actions-runner/.credentials'
[2025-03-24 08:34:12Z INFO ConfigurationStore] CredFilePath: /Users/william/Documents/coding2.nosync/Morning/actions-runner/.credentials
[2025-03-24 08:34:12Z INFO HostContext] Well known directory 'Bin': '/Users/william/Documents/coding2.nosync/Morning/actions-runner/bin'
[2025-03-24 08:34:12Z INFO HostContext] Well known directory 'Root': '/Users/william/Documents/coding2.nosync/Morning/actions-runner'
[2025-03-24 08:34:12Z INFO HostContext] Well known config file 'MigratedCredentials': '/Users/william/Documents/coding2.nosync/Morning/actions-runner/.credentials_migrated'
[2025-03-24 08:34:12Z INFO ConfigurationStore] MigratedCredFilePath: /Users/william/Documents/coding2.nosync/Morning/actions-runner/.credentials_migrated
[2025-03-24 08:34:12Z INFO HostContext] Well known directory 'Bin': '/Users/william/Documents/coding2.nosync/Morning/actions-runner/bin'
[2025-03-24 08:34:12Z INFO HostContext] Well known directory 'Root': '/Users/william/Documents/coding2.nosync/Morning/actions-runner'
[2025-03-24 08:34:12Z INFO HostContext] Well known config file 'Service': '/Users/william/Documents/coding2.nosync/Morning/actions-runner/.service'
[2025-03-24 08:34:12Z INFO ConfigurationStore] ServiceConfigFilePath: /Users/william/Documents/coding2.nosync/Morning/actions-runner/.service
[2025-03-24 08:34:12Z INFO CommandSettings] Flag 'help': 'False'
[2025-03-24 08:34:12Z INFO CommandSettings] Flag 'version': 'False'
[2025-03-24 08:34:12Z INFO CommandSettings] Flag 'commit': 'False'
[2025-03-24 08:34:12Z INFO CommandSettings] Flag 'check': 'False'
[2025-03-24 08:34:12Z INFO CommandSettings] Command 'configure': 'True'
[2025-03-24 08:34:12Z INFO Terminal] WRITE LINE: 
[2025-03-24 08:34:12Z INFO Terminal] WRITE LINE: --------------------------------------------------------------------------------
[2025-03-24 08:34:12Z INFO Terminal] WRITE LINE: |        ____ _ _   _   _       _          _        _   _                      |
[2025-03-24 08:34:12Z INFO Terminal] WRITE LINE: |       / ___(_) |_| | | |_   _| |__      / \   ___| |_(_) ___  _ __  ___      |
[2025-03-24 08:34:12Z INFO Terminal] WRITE LINE: |      | |  _| | __| |_| | | | | '_ \    / _ \ / __| __| |/ _ \| '_ \/ __|     |
[2025-03-24 08:34:12Z INFO Terminal] WRITE LINE: |      | |_| | | |_|  _  | |_| | |_) |  / ___ \ (__| |_| | (_) | | | \__ \     |
[2025-03-24 08:34:12Z INFO Terminal] WRITE LINE: |       \____|_|\__|_| |_|\__,_|_.__/  /_/   \_\___|\__|_|\___/|_| |_|___/     |
[2025-03-24 08:34:12Z INFO Terminal] WRITE LINE: |                                                                              |
[2025-03-24 08:34:12Z INFO Terminal] WRITE: |                       
[2025-03-24 08:34:12Z INFO Terminal] WRITE: Self-hosted runner registration
[2025-03-24 08:34:12Z INFO Terminal] WRITE LINE:                         |
[2025-03-24 08:34:12Z INFO Terminal] WRITE LINE: |                                                                              |
[2025-03-24 08:34:12Z INFO Terminal] WRITE LINE: --------------------------------------------------------------------------------
[2025-03-24 08:34:12Z INFO ConfigurationManager] ConfigureAsync
[2025-03-24 08:34:12Z INFO CommandSettings] Flag 'generateServiceConfig': 'False'
[2025-03-24 08:34:12Z INFO ConfigurationStore] IsConfigured()
[2025-03-24 08:34:12Z INFO ConfigurationStore] IsConfigured: False
[2025-03-24 08:34:12Z INFO ConfigurationManager] Is configured: False
[2025-03-24 08:34:12Z INFO CommandSettings] Arg 'url': 'https://github.com/Wdboyes13/Morning'
[2025-03-24 08:34:12Z INFO CommandSettings] Remove url from Arg dictionary.
[2025-03-24 08:34:12Z INFO CommandSettings] Arg 'token': '***'
[2025-03-24 08:34:12Z INFO CommandSettings] Remove token from Arg dictionary.
[2025-03-24 08:34:13Z INFO ConfigurationManager] Http response code: OK from 'POST https://api.github.com/actions/runner-registration' (1616:18E934:CFA40B:1A14288:67E11904)
[2025-03-24 08:34:13Z INFO ConfigurationManager] Using V2 flow: False
[2025-03-24 08:34:13Z INFO ConfigurationManager] cred retrieved via GitHub auth
[2025-03-24 08:34:13Z INFO RunnerServer] EstablishVssConnection
[2025-03-24 08:34:13Z INFO RunnerServer] Establish connection with 100 seconds timeout.
[2025-03-24 08:34:13Z INFO GitHubActionsService] Starting operation Location.GetConnectionData
[2025-03-24 08:34:13Z INFO RunnerServer] EstablishVssConnection
[2025-03-24 08:34:13Z INFO RunnerServer] Establish connection with 60 seconds timeout.
[2025-03-24 08:34:13Z INFO GitHubActionsService] Starting operation Location.GetConnectionData
[2025-03-24 08:34:13Z INFO RunnerServer] EstablishVssConnection
[2025-03-24 08:34:13Z INFO RunnerServer] Establish connection with 60 seconds timeout.
[2025-03-24 08:34:13Z INFO GitHubActionsService] Starting operation Location.GetConnectionData
[2025-03-24 08:34:13Z INFO GitHubActionsService] Finished operation Location.GetConnectionData
[2025-03-24 08:34:13Z INFO GitHubActionsService] Finished operation Location.GetConnectionData
[2025-03-24 08:34:13Z INFO GitHubActionsService] Finished operation Location.GetConnectionData
[2025-03-24 08:34:13Z INFO Terminal] WRITE LINE: 
[2025-03-24 08:34:13Z INFO ConfigurationManager] Test Connection complete.
[2025-03-24 08:34:13Z INFO HostContext] Well known directory 'Bin': '/Users/william/Documents/coding2.nosync/Morning/actions-runner/bin'
[2025-03-24 08:34:13Z INFO HostContext] Well known directory 'Root': '/Users/william/Documents/coding2.nosync/Morning/actions-runner'
[2025-03-24 08:34:13Z INFO HostContext] Well known config file 'RSACredentials': '/Users/william/Documents/coding2.nosync/Morning/actions-runner/.credentials_rsaparams'
[2025-03-24 08:34:13Z INFO RSAFileKeyManager] Creating new RSA key using 2048-bit key length
[2025-03-24 08:34:13Z INFO RSAFileKeyManager] Successfully saved RSA key parameters to file /Users/william/Documents/coding2.nosync/Morning/actions-runner/.credentials_rsaparams
[2025-03-24 08:34:13Z INFO RSAFileKeyManager] Which2: 'chmod'
[2025-03-24 08:34:14Z INFO RSAFileKeyManager] Location: '/bin/chmod'
[2025-03-24 08:34:14Z INFO HostContext] Well known directory 'Bin': '/Users/william/Documents/coding2.nosync/Morning/actions-runner/bin'
[2025-03-24 08:34:14Z INFO HostContext] Well known directory 'Root': '/Users/william/Documents/coding2.nosync/Morning/actions-runner'
[2025-03-24 08:34:14Z INFO ProcessInvokerWrapper] Starting process:
[2025-03-24 08:34:14Z INFO ProcessInvokerWrapper]   File name: '/bin/chmod'
[2025-03-24 08:34:14Z INFO ProcessInvokerWrapper]   Arguments: '600 /Users/william/Documents/coding2.nosync/Morning/actions-runner/.credentials_rsaparams'
[2025-03-24 08:34:14Z INFO ProcessInvokerWrapper]   Working directory: '/Users/william/Documents/coding2.nosync/Morning/actions-runner'
[2025-03-24 08:34:14Z INFO ProcessInvokerWrapper]   Require exit code zero: 'False'
[2025-03-24 08:34:14Z INFO ProcessInvokerWrapper]   Encoding web name:  ; code page: ''
[2025-03-24 08:34:14Z INFO ProcessInvokerWrapper]   Force kill process on cancellation: 'False'
[2025-03-24 08:34:14Z INFO ProcessInvokerWrapper]   Redirected STDIN: 'False'
[2025-03-24 08:34:14Z INFO ProcessInvokerWrapper]   Persist current code page: 'False'
[2025-03-24 08:34:14Z INFO ProcessInvokerWrapper]   Keep redirected STDIN open: 'False'
[2025-03-24 08:34:14Z INFO ProcessInvokerWrapper]   High priority process: 'False'
[2025-03-24 08:34:14Z INFO ProcessInvokerWrapper] Process started with process id 65043, waiting for process exit.
[2025-03-24 08:34:14Z INFO ProcessInvokerWrapper] STDOUT/STDERR stream read finished.
[2025-03-24 08:34:14Z INFO ProcessInvokerWrapper] STDOUT/STDERR stream read finished.
[2025-03-24 08:34:14Z INFO ProcessInvokerWrapper] Finished process 65043 with exit code 0, and elapsed time 00:00:00.0403625.
[2025-03-24 08:34:14Z INFO RSAFileKeyManager] Successfully set permissions for RSA key parameters file /Users/william/Documents/coding2.nosync/Morning/actions-runner/.credentials_rsaparams
[2025-03-24 08:34:14Z INFO CommandSettings] Arg 'runnergroup': ''
[2025-03-24 08:34:14Z INFO CommandSettings] Flag 'unattended': 'False'
[2025-03-24 08:34:14Z INFO PromptManager] ReadValue
[2025-03-24 08:34:14Z INFO Terminal] WRITE: Enter the name of the runner group to add this runner to: 
[2025-03-24 08:34:14Z INFO Terminal] WRITE: [press Enter for Default] 
[2025-03-24 08:34:14Z INFO Terminal] READ LINE
[2025-03-24 08:34:17Z INFO Terminal] Read value: ''
[2025-03-24 08:34:17Z INFO PromptManager] Falling back to the default: 'Default'
[2025-03-24 08:34:17Z INFO Terminal] WRITE LINE: 
[2025-03-24 08:34:17Z INFO ConfigurationManager] Found a self-hosted runner group with id 1 and name Default
[2025-03-24 08:34:17Z INFO CommandSettings] Flag 'disableupdate': 'False'
[2025-03-24 08:34:17Z INFO CommandSettings] Flag 'ephemeral': 'False'
[2025-03-24 08:34:17Z INFO CommandSettings] Arg 'name': ''
[2025-03-24 08:34:17Z INFO CommandSettings] Flag 'unattended': 'False'
[2025-03-24 08:34:17Z INFO PromptManager] ReadValue
[2025-03-24 08:34:17Z INFO Terminal] WRITE: Enter the name of runner: 
[2025-03-24 08:34:17Z INFO Terminal] WRITE: [press Enter for williamsmacbook] 
[2025-03-24 08:34:17Z INFO Terminal] READ LINE
[2025-03-24 08:34:20Z INFO Terminal] Read value: ''
[2025-03-24 08:34:20Z INFO PromptManager] Falling back to the default: 'williamsmacbook'
[2025-03-24 08:34:20Z INFO Terminal] WRITE LINE: 
[2025-03-24 08:34:20Z INFO CommandSettings] Arg 'labels': ''
[2025-03-24 08:34:20Z INFO CommandSettings] Flag 'unattended': 'False'
[2025-03-24 08:34:20Z INFO PromptManager] ReadValue
[2025-03-24 08:34:20Z INFO Terminal] WRITE: This runner will have the following labels: 'self-hosted', 'macOS', 'ARM64' 
Enter any additional labels (ex. label-1,label-2): 
[2025-03-24 08:34:20Z INFO Terminal] WRITE: [press Enter to skip] 
[2025-03-24 08:34:20Z INFO Terminal] READ LINE
[2025-03-24 08:34:25Z INFO Terminal] Read value: ''
[2025-03-24 08:34:25Z INFO Terminal] WRITE LINE: 
[2025-03-24 08:34:25Z INFO CommandSettings] Flag 'disableupdate': 'False'
[2025-03-24 08:34:25Z INFO CommandSettings] Flag 'no-default-labels': 'False'
[2025-03-24 08:34:25Z INFO CommandSettings] Flag 'disableupdate': 'False'
[2025-03-24 08:34:25Z INFO CommandSettings] Flag 'ephemeral': 'False'
[2025-03-24 08:34:25Z INFO ConfigurationStore] Saving OAuth credential @ /Users/william/Documents/coding2.nosync/Morning/actions-runner/.credentials
[2025-03-24 08:34:25Z INFO ConfigurationStore] Credentials Saved.
[2025-03-24 08:34:25Z INFO ConfigurationStore] HasCredentials()
[2025-03-24 08:34:25Z INFO ConfigurationStore] stored True
[2025-03-24 08:34:25Z INFO CredentialManager] GetCredentialProvider
[2025-03-24 08:34:25Z INFO CredentialManager] Creating type OAuth
[2025-03-24 08:34:25Z INFO CredentialManager] Creating credential type: OAuth
[2025-03-24 08:34:25Z INFO RSAFileKeyManager] Loading RSA key parameters from file /Users/william/Documents/coding2.nosync/Morning/actions-runner/.credentials_rsaparams
[2025-03-24 08:34:25Z INFO RunnerServer] EstablishVssConnection
[2025-03-24 08:34:25Z INFO RunnerServer] Establish connection with 100 seconds timeout.
[2025-03-24 08:34:25Z INFO GitHubActionsService] Starting operation Location.GetConnectionData
[2025-03-24 08:34:25Z INFO RunnerServer] EstablishVssConnection
[2025-03-24 08:34:25Z INFO RunnerServer] Establish connection with 60 seconds timeout.
[2025-03-24 08:34:25Z INFO GitHubActionsService] Starting operation Location.GetConnectionData
[2025-03-24 08:34:25Z INFO RunnerServer] EstablishVssConnection
[2025-03-24 08:34:25Z INFO RunnerServer] Establish connection with 60 seconds timeout.
[2025-03-24 08:34:25Z INFO GitHubActionsService] Starting operation Location.GetConnectionData
[2025-03-24 08:34:25Z INFO GitHubActionsService] Finished operation Location.GetConnectionData
[2025-03-24 08:34:25Z INFO GitHubActionsService] Finished operation Location.GetConnectionData
[2025-03-24 08:34:25Z INFO GitHubActionsService] Finished operation Location.GetConnectionData
[2025-03-24 08:34:26Z INFO RSAFileKeyManager] Loading RSA key parameters from file /Users/william/Documents/coding2.nosync/Morning/actions-runner/.credentials_rsaparams
[2025-03-24 08:34:26Z INFO RSAFileKeyManager] Loading RSA key parameters from file /Users/william/Documents/coding2.nosync/Morning/actions-runner/.credentials_rsaparams
[2025-03-24 08:34:26Z INFO GitHubActionsService] AAD Correlation ID for this token request: Unknown
[2025-03-24 08:34:26Z INFO CommandSettings] Arg 'work': ''
[2025-03-24 08:34:26Z INFO CommandSettings] Flag 'unattended': 'False'
[2025-03-24 08:34:26Z INFO PromptManager] ReadValue
[2025-03-24 08:34:26Z INFO Terminal] WRITE: Enter name of work folder: 
[2025-03-24 08:34:26Z INFO Terminal] WRITE: [press Enter for _work] 
[2025-03-24 08:34:26Z INFO Terminal] READ LINE
[2025-03-24 08:34:29Z INFO Terminal] Read value: ''
[2025-03-24 08:34:29Z INFO PromptManager] Falling back to the default: '_work'
[2025-03-24 08:34:29Z INFO ConfigurationStore] Saving runner settings.
[2025-03-24 08:34:29Z INFO ConfigurationStore] Settings Saved.
[2025-03-24 08:34:29Z INFO Terminal] WRITE LINE: 
[2025-03-24 08:34:29Z INFO Terminal] WRITE LINE: 
[2025-03-24 08:34:29Z INFO OsxServiceControlManager] Service name 'actions.runner.Wdboyes13-Morning.williamsmacbook' display name 'GitHub Actions Runner (Wdboyes13-Morning.williamsmacbook)' will be used for service configuration.
[2025-03-24 08:34:29Z INFO HostContext] Well known directory 'Bin': '/Users/william/Documents/coding2.nosync/Morning/actions-runner/bin'
[2025-03-24 08:34:29Z INFO HostContext] Well known directory 'Root': '/Users/william/Documents/coding2.nosync/Morning/actions-runner'
[2025-03-24 08:34:29Z INFO HostContext] Well known directory 'Bin': '/Users/william/Documents/coding2.nosync/Morning/actions-runner/bin'
[2025-03-24 08:34:29Z INFO HostContext] Well known directory 'Bin': '/Users/william/Documents/coding2.nosync/Morning/actions-runner/bin'
[2025-03-24 08:34:29Z INFO HostContext] Well known directory 'Root': '/Users/william/Documents/coding2.nosync/Morning/actions-runner'
[2025-03-24 08:34:29Z INFO UnixUtil] Which2: 'chmod'
[2025-03-24 08:34:29Z INFO UnixUtil] Location: '/bin/chmod'
[2025-03-24 08:34:29Z INFO UnixUtil] Running /bin/chmod 755 "/Users/william/Documents/coding2.nosync/Morning/actions-runner/svc.sh"
[2025-03-24 08:34:29Z INFO ProcessInvokerWrapper] Starting process:
[2025-03-24 08:34:29Z INFO ProcessInvokerWrapper]   File name: '/bin/chmod'
[2025-03-24 08:34:29Z INFO ProcessInvokerWrapper]   Arguments: '755 "/Users/william/Documents/coding2.nosync/Morning/actions-runner/svc.sh"'
[2025-03-24 08:34:29Z INFO ProcessInvokerWrapper]   Working directory: '/Users/william/Documents/coding2.nosync/Morning/actions-runner'
[2025-03-24 08:34:29Z INFO ProcessInvokerWrapper]   Require exit code zero: 'True'
[2025-03-24 08:34:29Z INFO ProcessInvokerWrapper]   Encoding web name:  ; code page: ''
[2025-03-24 08:34:29Z INFO ProcessInvokerWrapper]   Force kill process on cancellation: 'False'
[2025-03-24 08:34:29Z INFO ProcessInvokerWrapper]   Redirected STDIN: 'False'
[2025-03-24 08:34:29Z INFO ProcessInvokerWrapper]   Persist current code page: 'False'
[2025-03-24 08:34:29Z INFO ProcessInvokerWrapper]   Keep redirected STDIN open: 'False'
[2025-03-24 08:34:29Z INFO ProcessInvokerWrapper]   High priority process: 'False'
[2025-03-24 08:34:29Z INFO ProcessInvokerWrapper] Process started with process id 65131, waiting for process exit.
[2025-03-24 08:34:29Z INFO ProcessInvokerWrapper] STDOUT/STDERR stream read finished.
[2025-03-24 08:34:29Z INFO ProcessInvokerWrapper] STDOUT/STDERR stream read finished.
[2025-03-24 08:34:29Z INFO ProcessInvokerWrapper] Finished process 65131 with exit code 0, and elapsed time 00:00:00.0593281.
[2025-03-24 08:34:29Z INFO Listener] Runner execution has finished with return code 0
